{"/Users/jaredasutton/Documents/repos/hrnyc24/frontend-capstone/dir-setup/store/index.js": {"path":"/Users/jaredasutton/Documents/repos/hrnyc24/frontend-capstone/dir-setup/store/index.js","statementMap":{"0":{"start":{"line":1,"column":24},"end":{"line":1,"column":40}},"1":{"start":{"line":2,"column":20},"end":{"line":2,"column":41}},"2":{"start":{"line":4,"column":0},"end":{"line":4,"column":42}}},"fnMap":{},"branchMap":{},"s":{"0":1,"1":1,"2":1},"f":{},"b":{},"_coverageSchema":"43e27e138ebf9cfc5966b082cf9a028302ed4184","hash":"8e338f4ce4093fd64b1ab50e687c5a9c86491cfb"}
,"/Users/jaredasutton/Documents/repos/hrnyc24/frontend-capstone/dir-setup/store/reducers/index.js": {"path":"/Users/jaredasutton/Documents/repos/hrnyc24/frontend-capstone/dir-setup/store/reducers/index.js","statementMap":{"0":{"start":{"line":1,"column":28},"end":{"line":1,"column":44}},"1":{"start":{"line":2,"column":14},"end":{"line":2,"column":35}},"2":{"start":{"line":4,"column":0},"end":{"line":4,"column":44}}},"fnMap":{},"branchMap":{},"s":{"0":1,"1":1,"2":1},"f":{},"b":{},"_coverageSchema":"43e27e138ebf9cfc5966b082cf9a028302ed4184","hash":"c60e21b276095a5383e15a815a4fd8d66c7ee08c"}
,"/Users/jaredasutton/Documents/repos/hrnyc24/frontend-capstone/dir-setup/store/reducers/prop1.js": {"path":"/Users/jaredasutton/Documents/repos/hrnyc24/frontend-capstone/dir-setup/store/reducers/prop1.js","statementMap":{"0":{"start":{"line":1,"column":0},"end":{"line":3,"column":2}},"1":{"start":{"line":2,"column":2},"end":{"line":2,"column":15}}},"fnMap":{"0":{"name":"(anonymous_0)","decl":{"start":{"line":1,"column":17},"end":{"line":1,"column":18}},"loc":{"start":{"line":1,"column":44},"end":{"line":3,"column":1}},"line":1}},"branchMap":{"0":{"loc":{"start":{"line":1,"column":18},"end":{"line":1,"column":31}},"type":"default-arg","locations":[{"start":{"line":1,"column":26},"end":{"line":1,"column":31}}],"line":1}},"s":{"0":1,"1":3},"f":{"0":3},"b":{"0":[3]},"_coverageSchema":"43e27e138ebf9cfc5966b082cf9a028302ed4184","hash":"5da0a665d9b5afa0e0ba5a0914ec9b228b162751"}
}
