TN:
SF:/Users/jaredasutton/Documents/repos/hrnyc24/frontend-capstone/dir-setup/store/index.js
FNF:0
FNH:0
DA:1,1
DA:2,1
DA:4,1
LF:3
LH:3
BRF:0
BRH:0
end_of_record
TN:
SF:/Users/jaredasutton/Documents/repos/hrnyc24/frontend-capstone/dir-setup/store/reducers/index.js
FNF:0
FNH:0
DA:1,1
DA:2,1
DA:4,1
LF:3
LH:3
BRF:0
BRH:0
end_of_record
TN:
SF:/Users/jaredasutton/Documents/repos/hrnyc24/frontend-capstone/dir-setup/store/reducers/prop1.js
FN:1,(anonymous_0)
FNF:1
FNH:1
FNDA:3,(anonymous_0)
DA:1,1
DA:2,3
LF:2
LH:2
BRDA:1,0,0,3
BRF:1
BRH:1
end_of_record
